<?xml version="1.0" encoding="UTF-8"?>
<testsuite xmlns:xsi="http://www.w3.org/2001/XMLSchema-instance" xsi:noNamespaceSchemaLocation="https://maven.apache.org/surefire/maven-failsafe-plugin/xsd/failsafe-test-report.xsd" name="TestSuite" time="5.745" tests="30" errors="0" skipped="0" failures="6">
  <properties>
    <property name="sun.desktop" value="windows"/>
    <property name="awt.toolkit" value="sun.awt.windows.WToolkit"/>
    <property name="file.encoding.pkg" value="sun.io"/>
    <property name="java.specification.version" value="1.8"/>
    <property name="sun.cpu.isalist" value="pentium_pro+mmx pentium_pro pentium+mmx pentium i486 i386 i86"/>
    <property name="sun.jnu.encoding" value="Cp1252"/>
    <property name="java.class.path" value="C:\Users\carvald\Desktop\WAES Challenge\differ-for-testers\target\test-classes;C:\Users\carvald\Desktop\WAES Challenge\differ-for-testers\target\differ-for-testers-1.0-SNAPSHOT.jar;C:\Users\carvald\.m2\repository\org\glassfish\jersey\containers\jersey-container-servlet-core\2.27\jersey-container-servlet-core-2.27.jar;C:\Users\carvald\.m2\repository\org\glassfish\hk2\external\javax.inject\2.5.0-b42\javax.inject-2.5.0-b42.jar;C:\Users\carvald\.m2\repository\org\glassfish\jersey\core\jersey-common\2.27\jersey-common-2.27.jar;C:\Users\carvald\.m2\repository\javax\annotation\javax.annotation-api\1.2\javax.annotation-api-1.2.jar;C:\Users\carvald\.m2\repository\org\glassfish\hk2\osgi-resource-locator\1.0.1\osgi-resource-locator-1.0.1.jar;C:\Users\carvald\.m2\repository\org\glassfish\jersey\core\jersey-server\2.27\jersey-server-2.27.jar;C:\Users\carvald\.m2\repository\org\glassfish\jersey\core\jersey-client\2.27\jersey-client-2.27.jar;C:\Users\carvald\.m2\repository\org\glassfish\jersey\media\jersey-media-jaxb\2.27\jersey-media-jaxb-2.27.jar;C:\Users\carvald\.m2\repository\javax\validation\validation-api\1.1.0.Final\validation-api-1.1.0.Final.jar;C:\Users\carvald\.m2\repository\javax\ws\rs\javax.ws.rs-api\2.1\javax.ws.rs-api-2.1.jar;C:\Users\carvald\.m2\repository\org\glassfish\jersey\inject\jersey-hk2\2.27\jersey-hk2-2.27.jar;C:\Users\carvald\.m2\repository\org\glassfish\hk2\hk2-locator\2.5.0-b42\hk2-locator-2.5.0-b42.jar;C:\Users\carvald\.m2\repository\org\glassfish\hk2\external\aopalliance-repackaged\2.5.0-b42\aopalliance-repackaged-2.5.0-b42.jar;C:\Users\carvald\.m2\repository\org\glassfish\hk2\hk2-api\2.5.0-b42\hk2-api-2.5.0-b42.jar;C:\Users\carvald\.m2\repository\javax\inject\javax.inject\1\javax.inject-1.jar;C:\Users\carvald\.m2\repository\org\glassfish\hk2\hk2-utils\2.5.0-b42\hk2-utils-2.5.0-b42.jar;C:\Users\carvald\.m2\repository\org\javassist\javassist\3.22.0-CR2\javassist-3.22.0-CR2.jar;C:\Users\carvald\.m2\repository\org\glassfish\jersey\media\jersey-media-json-binding\2.27\jersey-media-json-binding-2.27.jar;C:\Users\carvald\.m2\repository\org\glassfish\javax.json\1.1\javax.json-1.1.jar;C:\Users\carvald\.m2\repository\org\eclipse\yasson\1.0\yasson-1.0.jar;C:\Users\carvald\.m2\repository\javax\json\javax.json-api\1.1\javax.json-api-1.1.jar;C:\Users\carvald\.m2\repository\javax\enterprise\cdi-api\2.0\cdi-api-2.0.jar;C:\Users\carvald\.m2\repository\javax\el\javax.el-api\3.0.0\javax.el-api-3.0.0.jar;C:\Users\carvald\.m2\repository\javax\interceptor\javax.interceptor-api\1.2\javax.interceptor-api-1.2.jar;C:\Users\carvald\.m2\repository\javax\json\bind\javax.json.bind-api\1.0\javax.json.bind-api-1.0.jar;C:\Users\carvald\.m2\repository\org\glassfish\jersey\containers\jersey-container-jdk-http\2.27\jersey-container-jdk-http-2.27.jar;C:\Users\carvald\.m2\repository\org\glassfish\jersey\containers\jersey-container-grizzly2-http\2.27\jersey-container-grizzly2-http-2.27.jar;C:\Users\carvald\.m2\repository\org\glassfish\grizzly\grizzly-http-server\2.4.0\grizzly-http-server-2.4.0.jar;C:\Users\carvald\.m2\repository\org\glassfish\grizzly\grizzly-http\2.4.0\grizzly-http-2.4.0.jar;C:\Users\carvald\.m2\repository\org\glassfish\grizzly\grizzly-framework\2.4.0\grizzly-framework-2.4.0.jar;C:\Users\carvald\.m2\repository\org\assertj\assertj-core\3.10.0\assertj-core-3.10.0.jar;C:\Users\carvald\.m2\repository\junit\junit\4.11\junit-4.11.jar;C:\Users\carvald\.m2\repository\org\hamcrest\hamcrest-core\1.3\hamcrest-core-1.3.jar;C:\Users\carvald\.m2\repository\io\rest-assured\rest-assured\3.0.3\rest-assured-3.0.3.jar;C:\Users\carvald\.m2\repository\org\codehaus\groovy\groovy\2.4.9\groovy-2.4.9.jar;C:\Users\carvald\.m2\repository\org\codehaus\groovy\groovy-xml\2.4.9\groovy-xml-2.4.9.jar;C:\Users\carvald\.m2\repository\org\apache\httpcomponents\httpclient\4.5.2\httpclient-4.5.2.jar;C:\Users\carvald\.m2\repository\org\apache\httpcomponents\httpcore\4.4.4\httpcore-4.4.4.jar;C:\Users\carvald\.m2\repository\commons-logging\commons-logging\1.2\commons-logging-1.2.jar;C:\Users\carvald\.m2\repository\commons-codec\commons-codec\1.9\commons-codec-1.9.jar;C:\Users\carvald\.m2\repository\org\apache\httpcomponents\httpmime\4.5.1\httpmime-4.5.1.jar;C:\Users\carvald\.m2\repository\org\hamcrest\hamcrest-library\1.3\hamcrest-library-1.3.jar;C:\Users\carvald\.m2\repository\org\ccil\cowan\tagsoup\tagsoup\1.2.1\tagsoup-1.2.1.jar;C:\Users\carvald\.m2\repository\io\rest-assured\json-path\3.0.3\json-path-3.0.3.jar;C:\Users\carvald\.m2\repository\org\codehaus\groovy\groovy-json\2.4.9\groovy-json-2.4.9.jar;C:\Users\carvald\.m2\repository\io\rest-assured\rest-assured-common\3.0.3\rest-assured-common-3.0.3.jar;C:\Users\carvald\.m2\repository\io\rest-assured\xml-path\3.0.3\xml-path-3.0.3.jar;C:\Users\carvald\.m2\repository\org\apache\commons\commons-lang3\3.4\commons-lang3-3.4.jar;C:\Users\carvald\.m2\repository\io\rest-assured\json-schema-validator\3.0.3\json-schema-validator-3.0.3.jar;C:\Users\carvald\.m2\repository\com\github\fge\json-schema-validator\2.2.6\json-schema-validator-2.2.6.jar;C:\Users\carvald\.m2\repository\com\google\code\findbugs\jsr305\3.0.0\jsr305-3.0.0.jar;C:\Users\carvald\.m2\repository\joda-time\joda-time\2.3\joda-time-2.3.jar;C:\Users\carvald\.m2\repository\com\googlecode\libphonenumber\libphonenumber\6.2\libphonenumber-6.2.jar;C:\Users\carvald\.m2\repository\com\github\fge\json-schema-core\1.2.5\json-schema-core-1.2.5.jar;C:\Users\carvald\.m2\repository\com\github\fge\uri-template\0.9\uri-template-0.9.jar;C:\Users\carvald\.m2\repository\com\github\fge\msg-simple\1.1\msg-simple-1.1.jar;C:\Users\carvald\.m2\repository\com\github\fge\btf\1.2\btf-1.2.jar;C:\Users\carvald\.m2\repository\com\google\guava\guava\16.0.1\guava-16.0.1.jar;C:\Users\carvald\.m2\repository\com\github\fge\jackson-coreutils\1.8\jackson-coreutils-1.8.jar;C:\Users\carvald\.m2\repository\com\fasterxml\jackson\core\jackson-databind\2.2.3\jackson-databind-2.2.3.jar;C:\Users\carvald\.m2\repository\com\fasterxml\jackson\core\jackson-annotations\2.2.3\jackson-annotations-2.2.3.jar;C:\Users\carvald\.m2\repository\com\fasterxml\jackson\core\jackson-core\2.2.3\jackson-core-2.2.3.jar;C:\Users\carvald\.m2\repository\org\mozilla\rhino\1.7R4\rhino-1.7R4.jar;C:\Users\carvald\.m2\repository\javax\mail\mailapi\1.4.3\mailapi-1.4.3.jar;C:\Users\carvald\.m2\repository\javax\activation\activation\1.1\activation-1.1.jar;C:\Users\carvald\.m2\repository\net\sf\jopt-simple\jopt-simple\4.6\jopt-simple-4.6.jar;C:\Users\carvald\.m2\repository\org\testng\testng\6.11\testng-6.11.jar;C:\Users\carvald\.m2\repository\com\beust\jcommander\1.64\jcommander-1.64.jar;C:\Users\carvald\.m2\repository\org\yaml\snakeyaml\1.17\snakeyaml-1.17.jar;C:\Users\carvald\.m2\repository\org\apache\maven\plugins\maven-failsafe-plugin\2.22.0\maven-failsafe-plugin-2.22.0.jar;C:\Users\carvald\.m2\repository\org\apache\maven\surefire\maven-surefire-common\2.22.0\maven-surefire-common-2.22.0.jar;C:\Users\carvald\.m2\repository\org\apache\maven\maven-plugin-api\2.2.1\maven-plugin-api-2.2.1.jar;C:\Users\carvald\.m2\repository\org\apache\maven\plugin-tools\maven-plugin-annotations\3.5\maven-plugin-annotations-3.5.jar;C:\Users\carvald\.m2\repository\org\apache\maven\surefire\surefire-api\2.22.0\surefire-api-2.22.0.jar;C:\Users\carvald\.m2\repository\org\apache\maven\surefire\surefire-logger-api\2.22.0\surefire-logger-api-2.22.0.jar;C:\Users\carvald\.m2\repository\org\apache\maven\surefire\surefire-booter\2.22.0\surefire-booter-2.22.0.jar;C:\Users\carvald\.m2\repository\org\apache\maven\maven-artifact\2.2.1\maven-artifact-2.2.1.jar;C:\Users\carvald\.m2\repository\org\codehaus\plexus\plexus-utils\1.5.15\plexus-utils-1.5.15.jar;C:\Users\carvald\.m2\repository\org\apache\maven\maven-plugin-descriptor\2.2.1\maven-plugin-descriptor-2.2.1.jar;C:\Users\carvald\.m2\repository\org\codehaus\plexus\plexus-container-default\1.0-alpha-9-stable-1\plexus-container-default-1.0-alpha-9-stable-1.jar;C:\Users\carvald\.m2\repository\org\apache\maven\maven-project\2.2.1\maven-project-2.2.1.jar;C:\Users\carvald\.m2\repository\org\apache\maven\maven-settings\2.2.1\maven-settings-2.2.1.jar;C:\Users\carvald\.m2\repository\org\apache\maven\maven-profile\2.2.1\maven-profile-2.2.1.jar;C:\Users\carvald\.m2\repository\org\apache\maven\maven-artifact-manager\2.2.1\maven-artifact-manager-2.2.1.jar;C:\Users\carvald\.m2\repository\backport-util-concurrent\backport-util-concurrent\3.1\backport-util-concurrent-3.1.jar;C:\Users\carvald\.m2\repository\org\apache\maven\maven-plugin-registry\2.2.1\maven-plugin-registry-2.2.1.jar;C:\Users\carvald\.m2\repository\org\codehaus\plexus\plexus-interpolation\1.11\plexus-interpolation-1.11.jar;C:\Users\carvald\.m2\repository\org\apache\maven\maven-model\2.2.1\maven-model-2.2.1.jar;C:\Users\carvald\.m2\repository\org\apache\maven\maven-core\2.2.1\maven-core-2.2.1.jar;C:\Users\carvald\.m2\repository\org\apache\maven\maven-plugin-parameter-documenter\2.2.1\maven-plugin-parameter-documenter-2.2.1.jar;C:\Users\carvald\.m2\repository\org\apache\maven\wagon\wagon-http\1.0-beta-6\wagon-http-1.0-beta-6.jar;C:\Users\carvald\.m2\repository\org\apache\maven\wagon\wagon-http-shared\1.0-beta-6\wagon-http-shared-1.0-beta-6.jar;C:\Users\carvald\.m2\repository\nekohtml\xercesMinimal\1.9.6.2\xercesMinimal-1.9.6.2.jar;C:\Users\carvald\.m2\repository\nekohtml\nekohtml\1.9.6.2\nekohtml-1.9.6.2.jar;C:\Users\carvald\.m2\repository\commons-httpclient\commons-httpclient\3.1\commons-httpclient-3.1.jar;C:\Users\carvald\.m2\repository\org\apache\maven\wagon\wagon-webdav-jackrabbit\1.0-beta-6\wagon-webdav-jackrabbit-1.0-beta-6.jar;C:\Users\carvald\.m2\repository\org\apache\jackrabbit\jackrabbit-webdav\1.5.0\jackrabbit-webdav-1.5.0.jar;C:\Users\carvald\.m2\repository\org\apache\jackrabbit\jackrabbit-jcr-commons\1.5.0\jackrabbit-jcr-commons-1.5.0.jar;C:\Users\carvald\.m2\repository\org\slf4j\slf4j-nop\1.5.3\slf4j-nop-1.5.3.jar;C:\Users\carvald\.m2\repository\org\slf4j\slf4j-jdk14\1.5.6\slf4j-jdk14-1.5.6.jar;C:\Users\carvald\.m2\repository\org\slf4j\slf4j-api\1.5.6\slf4j-api-1.5.6.jar;C:\Users\carvald\.m2\repository\org\slf4j\jcl-over-slf4j\1.5.6\jcl-over-slf4j-1.5.6.jar;C:\Users\carvald\.m2\repository\org\apache\maven\reporting\maven-reporting-api\2.2.1\maven-reporting-api-2.2.1.jar;C:\Users\carvald\.m2\repository\org\apache\maven\doxia\doxia-logging-api\1.1\doxia-logging-api-1.1.jar;C:\Users\carvald\.m2\repository\org\apache\maven\wagon\wagon-provider-api\1.0-beta-6\wagon-provider-api-1.0-beta-6.jar;C:\Users\carvald\.m2\repository\org\apache\maven\maven-repository-metadata\2.2.1\maven-repository-metadata-2.2.1.jar;C:\Users\carvald\.m2\repository\org\apache\maven\maven-error-diagnostics\2.2.1\maven-error-diagnostics-2.2.1.jar;C:\Users\carvald\.m2\repository\org\apache\maven\maven-monitor\2.2.1\maven-monitor-2.2.1.jar;C:\Users\carvald\.m2\repository\classworlds\classworlds\1.1\classworlds-1.1.jar;C:\Users\carvald\.m2\repository\org\sonatype\plexus\plexus-sec-dispatcher\1.3\plexus-sec-dispatcher-1.3.jar;C:\Users\carvald\.m2\repository\org\sonatype\plexus\plexus-cipher\1.4\plexus-cipher-1.4.jar;C:\Users\carvald\.m2\repository\org\apache\maven\maven-toolchain\2.2.1\maven-toolchain-2.2.1.jar;C:\Users\carvald\.m2\repository\org\codehaus\plexus\plexus-java\0.9.8\plexus-java-0.9.8.jar;C:\Users\carvald\.m2\repository\org\ow2\asm\asm\6.1.1\asm-6.1.1.jar;C:\Users\carvald\.m2\repository\com\thoughtworks\qdox\qdox\2.0-M7\qdox-2.0-M7.jar;C:\Users\carvald\.m2\repository\org\apache\maven\surefire\surefire-testng-utils\2.22.0\surefire-testng-utils-2.22.0.jar;C:\Users\carvald\.m2\repository\org\apache\maven\surefire\surefire-grouper\2.22.0\surefire-grouper-2.22.0.jar;"/>
    <property name="java.vm.vendor" value="Oracle Corporation"/>
    <property name="sun.arch.data.model" value="32"/>
    <property name="user.variant" value=""/>
    <property name="java.vendor.url" value="http://java.oracle.com/"/>
    <property name="user.timezone" value="America/Sao_Paulo"/>
    <property name="java.vm.specification.version" value="1.8"/>
    <property name="os.name" value="Windows 10"/>
    <property name="user.country" value="US"/>
    <property name="sun.java.launcher" value="SUN_STANDARD"/>
    <property name="sun.boot.library.path" value="C:\Program Files (x86)\Java\jdk1.8.0_171\jre\bin"/>
    <property name="sun.java.command" value="C:\Users\carvald\AppData\Local\Temp\surefire7417704846059876083\surefirebooter5105659572254270149.jar C:\Users\carvald\AppData\Local\Temp\surefire7417704846059876083 2018-09-06T18-53-55_511-jvmRun1 surefire355860133541362100tmp surefire_05720310356925000379tmp"/>
    <property name="surefire.test.class.path" value="C:\Users\carvald\Desktop\WAES Challenge\differ-for-testers\target\test-classes;C:\Users\carvald\Desktop\WAES Challenge\differ-for-testers\target\differ-for-testers-1.0-SNAPSHOT.jar;C:\Users\carvald\.m2\repository\org\glassfish\jersey\containers\jersey-container-servlet-core\2.27\jersey-container-servlet-core-2.27.jar;C:\Users\carvald\.m2\repository\org\glassfish\hk2\external\javax.inject\2.5.0-b42\javax.inject-2.5.0-b42.jar;C:\Users\carvald\.m2\repository\org\glassfish\jersey\core\jersey-common\2.27\jersey-common-2.27.jar;C:\Users\carvald\.m2\repository\javax\annotation\javax.annotation-api\1.2\javax.annotation-api-1.2.jar;C:\Users\carvald\.m2\repository\org\glassfish\hk2\osgi-resource-locator\1.0.1\osgi-resource-locator-1.0.1.jar;C:\Users\carvald\.m2\repository\org\glassfish\jersey\core\jersey-server\2.27\jersey-server-2.27.jar;C:\Users\carvald\.m2\repository\org\glassfish\jersey\core\jersey-client\2.27\jersey-client-2.27.jar;C:\Users\carvald\.m2\repository\org\glassfish\jersey\media\jersey-media-jaxb\2.27\jersey-media-jaxb-2.27.jar;C:\Users\carvald\.m2\repository\javax\validation\validation-api\1.1.0.Final\validation-api-1.1.0.Final.jar;C:\Users\carvald\.m2\repository\javax\ws\rs\javax.ws.rs-api\2.1\javax.ws.rs-api-2.1.jar;C:\Users\carvald\.m2\repository\org\glassfish\jersey\inject\jersey-hk2\2.27\jersey-hk2-2.27.jar;C:\Users\carvald\.m2\repository\org\glassfish\hk2\hk2-locator\2.5.0-b42\hk2-locator-2.5.0-b42.jar;C:\Users\carvald\.m2\repository\org\glassfish\hk2\external\aopalliance-repackaged\2.5.0-b42\aopalliance-repackaged-2.5.0-b42.jar;C:\Users\carvald\.m2\repository\org\glassfish\hk2\hk2-api\2.5.0-b42\hk2-api-2.5.0-b42.jar;C:\Users\carvald\.m2\repository\javax\inject\javax.inject\1\javax.inject-1.jar;C:\Users\carvald\.m2\repository\org\glassfish\hk2\hk2-utils\2.5.0-b42\hk2-utils-2.5.0-b42.jar;C:\Users\carvald\.m2\repository\org\javassist\javassist\3.22.0-CR2\javassist-3.22.0-CR2.jar;C:\Users\carvald\.m2\repository\org\glassfish\jersey\media\jersey-media-json-binding\2.27\jersey-media-json-binding-2.27.jar;C:\Users\carvald\.m2\repository\org\glassfish\javax.json\1.1\javax.json-1.1.jar;C:\Users\carvald\.m2\repository\org\eclipse\yasson\1.0\yasson-1.0.jar;C:\Users\carvald\.m2\repository\javax\json\javax.json-api\1.1\javax.json-api-1.1.jar;C:\Users\carvald\.m2\repository\javax\enterprise\cdi-api\2.0\cdi-api-2.0.jar;C:\Users\carvald\.m2\repository\javax\el\javax.el-api\3.0.0\javax.el-api-3.0.0.jar;C:\Users\carvald\.m2\repository\javax\interceptor\javax.interceptor-api\1.2\javax.interceptor-api-1.2.jar;C:\Users\carvald\.m2\repository\javax\json\bind\javax.json.bind-api\1.0\javax.json.bind-api-1.0.jar;C:\Users\carvald\.m2\repository\org\glassfish\jersey\containers\jersey-container-jdk-http\2.27\jersey-container-jdk-http-2.27.jar;C:\Users\carvald\.m2\repository\org\glassfish\jersey\containers\jersey-container-grizzly2-http\2.27\jersey-container-grizzly2-http-2.27.jar;C:\Users\carvald\.m2\repository\org\glassfish\grizzly\grizzly-http-server\2.4.0\grizzly-http-server-2.4.0.jar;C:\Users\carvald\.m2\repository\org\glassfish\grizzly\grizzly-http\2.4.0\grizzly-http-2.4.0.jar;C:\Users\carvald\.m2\repository\org\glassfish\grizzly\grizzly-framework\2.4.0\grizzly-framework-2.4.0.jar;C:\Users\carvald\.m2\repository\org\assertj\assertj-core\3.10.0\assertj-core-3.10.0.jar;C:\Users\carvald\.m2\repository\junit\junit\4.11\junit-4.11.jar;C:\Users\carvald\.m2\repository\org\hamcrest\hamcrest-core\1.3\hamcrest-core-1.3.jar;C:\Users\carvald\.m2\repository\io\rest-assured\rest-assured\3.0.3\rest-assured-3.0.3.jar;C:\Users\carvald\.m2\repository\org\codehaus\groovy\groovy\2.4.9\groovy-2.4.9.jar;C:\Users\carvald\.m2\repository\org\codehaus\groovy\groovy-xml\2.4.9\groovy-xml-2.4.9.jar;C:\Users\carvald\.m2\repository\org\apache\httpcomponents\httpclient\4.5.2\httpclient-4.5.2.jar;C:\Users\carvald\.m2\repository\org\apache\httpcomponents\httpcore\4.4.4\httpcore-4.4.4.jar;C:\Users\carvald\.m2\repository\commons-logging\commons-logging\1.2\commons-logging-1.2.jar;C:\Users\carvald\.m2\repository\commons-codec\commons-codec\1.9\commons-codec-1.9.jar;C:\Users\carvald\.m2\repository\org\apache\httpcomponents\httpmime\4.5.1\httpmime-4.5.1.jar;C:\Users\carvald\.m2\repository\org\hamcrest\hamcrest-library\1.3\hamcrest-library-1.3.jar;C:\Users\carvald\.m2\repository\org\ccil\cowan\tagsoup\tagsoup\1.2.1\tagsoup-1.2.1.jar;C:\Users\carvald\.m2\repository\io\rest-assured\json-path\3.0.3\json-path-3.0.3.jar;C:\Users\carvald\.m2\repository\org\codehaus\groovy\groovy-json\2.4.9\groovy-json-2.4.9.jar;C:\Users\carvald\.m2\repository\io\rest-assured\rest-assured-common\3.0.3\rest-assured-common-3.0.3.jar;C:\Users\carvald\.m2\repository\io\rest-assured\xml-path\3.0.3\xml-path-3.0.3.jar;C:\Users\carvald\.m2\repository\org\apache\commons\commons-lang3\3.4\commons-lang3-3.4.jar;C:\Users\carvald\.m2\repository\io\rest-assured\json-schema-validator\3.0.3\json-schema-validator-3.0.3.jar;C:\Users\carvald\.m2\repository\com\github\fge\json-schema-validator\2.2.6\json-schema-validator-2.2.6.jar;C:\Users\carvald\.m2\repository\com\google\code\findbugs\jsr305\3.0.0\jsr305-3.0.0.jar;C:\Users\carvald\.m2\repository\joda-time\joda-time\2.3\joda-time-2.3.jar;C:\Users\carvald\.m2\repository\com\googlecode\libphonenumber\libphonenumber\6.2\libphonenumber-6.2.jar;C:\Users\carvald\.m2\repository\com\github\fge\json-schema-core\1.2.5\json-schema-core-1.2.5.jar;C:\Users\carvald\.m2\repository\com\github\fge\uri-template\0.9\uri-template-0.9.jar;C:\Users\carvald\.m2\repository\com\github\fge\msg-simple\1.1\msg-simple-1.1.jar;C:\Users\carvald\.m2\repository\com\github\fge\btf\1.2\btf-1.2.jar;C:\Users\carvald\.m2\repository\com\google\guava\guava\16.0.1\guava-16.0.1.jar;C:\Users\carvald\.m2\repository\com\github\fge\jackson-coreutils\1.8\jackson-coreutils-1.8.jar;C:\Users\carvald\.m2\repository\com\fasterxml\jackson\core\jackson-databind\2.2.3\jackson-databind-2.2.3.jar;C:\Users\carvald\.m2\repository\com\fasterxml\jackson\core\jackson-annotations\2.2.3\jackson-annotations-2.2.3.jar;C:\Users\carvald\.m2\repository\com\fasterxml\jackson\core\jackson-core\2.2.3\jackson-core-2.2.3.jar;C:\Users\carvald\.m2\repository\org\mozilla\rhino\1.7R4\rhino-1.7R4.jar;C:\Users\carvald\.m2\repository\javax\mail\mailapi\1.4.3\mailapi-1.4.3.jar;C:\Users\carvald\.m2\repository\javax\activation\activation\1.1\activation-1.1.jar;C:\Users\carvald\.m2\repository\net\sf\jopt-simple\jopt-simple\4.6\jopt-simple-4.6.jar;C:\Users\carvald\.m2\repository\org\testng\testng\6.11\testng-6.11.jar;C:\Users\carvald\.m2\repository\com\beust\jcommander\1.64\jcommander-1.64.jar;C:\Users\carvald\.m2\repository\org\yaml\snakeyaml\1.17\snakeyaml-1.17.jar;C:\Users\carvald\.m2\repository\org\apache\maven\plugins\maven-failsafe-plugin\2.22.0\maven-failsafe-plugin-2.22.0.jar;C:\Users\carvald\.m2\repository\org\apache\maven\surefire\maven-surefire-common\2.22.0\maven-surefire-common-2.22.0.jar;C:\Users\carvald\.m2\repository\org\apache\maven\maven-plugin-api\2.2.1\maven-plugin-api-2.2.1.jar;C:\Users\carvald\.m2\repository\org\apache\maven\plugin-tools\maven-plugin-annotations\3.5\maven-plugin-annotations-3.5.jar;C:\Users\carvald\.m2\repository\org\apache\maven\surefire\surefire-api\2.22.0\surefire-api-2.22.0.jar;C:\Users\carvald\.m2\repository\org\apache\maven\surefire\surefire-logger-api\2.22.0\surefire-logger-api-2.22.0.jar;C:\Users\carvald\.m2\repository\org\apache\maven\surefire\surefire-booter\2.22.0\surefire-booter-2.22.0.jar;C:\Users\carvald\.m2\repository\org\apache\maven\maven-artifact\2.2.1\maven-artifact-2.2.1.jar;C:\Users\carvald\.m2\repository\org\codehaus\plexus\plexus-utils\1.5.15\plexus-utils-1.5.15.jar;C:\Users\carvald\.m2\repository\org\apache\maven\maven-plugin-descriptor\2.2.1\maven-plugin-descriptor-2.2.1.jar;C:\Users\carvald\.m2\repository\org\codehaus\plexus\plexus-container-default\1.0-alpha-9-stable-1\plexus-container-default-1.0-alpha-9-stable-1.jar;C:\Users\carvald\.m2\repository\org\apache\maven\maven-project\2.2.1\maven-project-2.2.1.jar;C:\Users\carvald\.m2\repository\org\apache\maven\maven-settings\2.2.1\maven-settings-2.2.1.jar;C:\Users\carvald\.m2\repository\org\apache\maven\maven-profile\2.2.1\maven-profile-2.2.1.jar;C:\Users\carvald\.m2\repository\org\apache\maven\maven-artifact-manager\2.2.1\maven-artifact-manager-2.2.1.jar;C:\Users\carvald\.m2\repository\backport-util-concurrent\backport-util-concurrent\3.1\backport-util-concurrent-3.1.jar;C:\Users\carvald\.m2\repository\org\apache\maven\maven-plugin-registry\2.2.1\maven-plugin-registry-2.2.1.jar;C:\Users\carvald\.m2\repository\org\codehaus\plexus\plexus-interpolation\1.11\plexus-interpolation-1.11.jar;C:\Users\carvald\.m2\repository\org\apache\maven\maven-model\2.2.1\maven-model-2.2.1.jar;C:\Users\carvald\.m2\repository\org\apache\maven\maven-core\2.2.1\maven-core-2.2.1.jar;C:\Users\carvald\.m2\repository\org\apache\maven\maven-plugin-parameter-documenter\2.2.1\maven-plugin-parameter-documenter-2.2.1.jar;C:\Users\carvald\.m2\repository\org\apache\maven\wagon\wagon-http\1.0-beta-6\wagon-http-1.0-beta-6.jar;C:\Users\carvald\.m2\repository\org\apache\maven\wagon\wagon-http-shared\1.0-beta-6\wagon-http-shared-1.0-beta-6.jar;C:\Users\carvald\.m2\repository\nekohtml\xercesMinimal\1.9.6.2\xercesMinimal-1.9.6.2.jar;C:\Users\carvald\.m2\repository\nekohtml\nekohtml\1.9.6.2\nekohtml-1.9.6.2.jar;C:\Users\carvald\.m2\repository\commons-httpclient\commons-httpclient\3.1\commons-httpclient-3.1.jar;C:\Users\carvald\.m2\repository\org\apache\maven\wagon\wagon-webdav-jackrabbit\1.0-beta-6\wagon-webdav-jackrabbit-1.0-beta-6.jar;C:\Users\carvald\.m2\repository\org\apache\jackrabbit\jackrabbit-webdav\1.5.0\jackrabbit-webdav-1.5.0.jar;C:\Users\carvald\.m2\repository\org\apache\jackrabbit\jackrabbit-jcr-commons\1.5.0\jackrabbit-jcr-commons-1.5.0.jar;C:\Users\carvald\.m2\repository\org\slf4j\slf4j-nop\1.5.3\slf4j-nop-1.5.3.jar;C:\Users\carvald\.m2\repository\org\slf4j\slf4j-jdk14\1.5.6\slf4j-jdk14-1.5.6.jar;C:\Users\carvald\.m2\repository\org\slf4j\slf4j-api\1.5.6\slf4j-api-1.5.6.jar;C:\Users\carvald\.m2\repository\org\slf4j\jcl-over-slf4j\1.5.6\jcl-over-slf4j-1.5.6.jar;C:\Users\carvald\.m2\repository\org\apache\maven\reporting\maven-reporting-api\2.2.1\maven-reporting-api-2.2.1.jar;C:\Users\carvald\.m2\repository\org\apache\maven\doxia\doxia-logging-api\1.1\doxia-logging-api-1.1.jar;C:\Users\carvald\.m2\repository\org\apache\maven\wagon\wagon-provider-api\1.0-beta-6\wagon-provider-api-1.0-beta-6.jar;C:\Users\carvald\.m2\repository\org\apache\maven\maven-repository-metadata\2.2.1\maven-repository-metadata-2.2.1.jar;C:\Users\carvald\.m2\repository\org\apache\maven\maven-error-diagnostics\2.2.1\maven-error-diagnostics-2.2.1.jar;C:\Users\carvald\.m2\repository\org\apache\maven\maven-monitor\2.2.1\maven-monitor-2.2.1.jar;C:\Users\carvald\.m2\repository\classworlds\classworlds\1.1\classworlds-1.1.jar;C:\Users\carvald\.m2\repository\org\sonatype\plexus\plexus-sec-dispatcher\1.3\plexus-sec-dispatcher-1.3.jar;C:\Users\carvald\.m2\repository\org\sonatype\plexus\plexus-cipher\1.4\plexus-cipher-1.4.jar;C:\Users\carvald\.m2\repository\org\apache\maven\maven-toolchain\2.2.1\maven-toolchain-2.2.1.jar;C:\Users\carvald\.m2\repository\org\codehaus\plexus\plexus-java\0.9.8\plexus-java-0.9.8.jar;C:\Users\carvald\.m2\repository\org\ow2\asm\asm\6.1.1\asm-6.1.1.jar;C:\Users\carvald\.m2\repository\com\thoughtworks\qdox\qdox\2.0-M7\qdox-2.0-M7.jar;C:\Users\carvald\.m2\repository\org\apache\maven\surefire\surefire-testng-utils\2.22.0\surefire-testng-utils-2.22.0.jar;C:\Users\carvald\.m2\repository\org\apache\maven\surefire\surefire-grouper\2.22.0\surefire-grouper-2.22.0.jar;"/>
    <property name="sun.cpu.endian" value="little"/>
    <property name="user.home" value="C:\Users\carvald"/>
    <property name="user.language" value="en"/>
    <property name="java.specification.vendor" value="Oracle Corporation"/>
    <property name="java.home" value="C:\Program Files (x86)\Java\jdk1.8.0_171\jre"/>
    <property name="basedir" value="C:\Users\carvald\Desktop\WAES Challenge\differ-for-testers"/>
    <property name="file.separator" value="\"/>
    <property name="line.separator" value="&#10;"/>
    <property name="java.vm.specification.vendor" value="Oracle Corporation"/>
    <property name="java.specification.name" value="Java Platform API Specification"/>
    <property name="java.awt.graphicsenv" value="sun.awt.Win32GraphicsEnvironment"/>
    <property name="surefire.real.class.path" value="C:\Users\carvald\AppData\Local\Temp\surefire7417704846059876083\surefirebooter5105659572254270149.jar"/>
    <property name="sun.boot.class.path" value="C:\Program Files (x86)\Java\jdk1.8.0_171\jre\lib\resources.jar;C:\Program Files (x86)\Java\jdk1.8.0_171\jre\lib\rt.jar;C:\Program Files (x86)\Java\jdk1.8.0_171\jre\lib\sunrsasign.jar;C:\Program Files (x86)\Java\jdk1.8.0_171\jre\lib\jsse.jar;C:\Program Files (x86)\Java\jdk1.8.0_171\jre\lib\jce.jar;C:\Program Files (x86)\Java\jdk1.8.0_171\jre\lib\charsets.jar;C:\Program Files (x86)\Java\jdk1.8.0_171\jre\lib\jfr.jar;C:\Program Files (x86)\Java\jdk1.8.0_171\jre\classes"/>
    <property name="user.script" value=""/>
    <property name="sun.management.compiler" value="HotSpot Client Compiler"/>
    <property name="java.runtime.version" value="1.8.0_171-b11"/>
    <property name="user.name" value="carvald"/>
    <property name="path.separator" value=";"/>
    <property name="os.version" value="10.0"/>
    <property name="java.endorsed.dirs" value="C:\Program Files (x86)\Java\jdk1.8.0_171\jre\lib\endorsed"/>
    <property name="java.runtime.name" value="Java(TM) SE Runtime Environment"/>
    <property name="file.encoding" value="Cp1252"/>
    <property name="java.vm.name" value="Java HotSpot(TM) Client VM"/>
    <property name="localRepository" value="C:\Users\carvald\.m2\repository"/>
    <property name="java.vendor.url.bug" value="http://bugreport.sun.com/bugreport/"/>
    <property name="java.io.tmpdir" value="C:\Users\carvald\AppData\Local\Temp\"/>
    <property name="java.version" value="1.8.0_171"/>
    <property name="user.dir" value="C:\Users\carvald\Desktop\WAES Challenge\differ-for-testers"/>
    <property name="os.arch" value="x86"/>
    <property name="java.vm.specification.name" value="Java Virtual Machine Specification"/>
    <property name="java.awt.printerjob" value="sun.awt.windows.WPrinterJob"/>
    <property name="sun.os.patch.level" value=""/>
    <property name="java.library.path" value="C:\Program Files (x86)\Java\jdk1.8.0_171\jre\bin;C:\Windows\Sun\Java\bin;C:\Windows\system32;C:\Windows;%commonfiles%\instantclient-basiclite-windows.x64-12.2.0.1.0;C:\ProgramData\Oracle\Java\javapath;C:\Program Files (x86)\RSA SecurID Token Common;C:\Windows\system32;C:\Windows;C:\Windows\System32\Wbem;C:\Windows\System32\WindowsPowerShell\v1.0\;C:\Windows\CCM;C:\Windows\CCM;C:\Windows\CCM;C:\Program Files\Intel\WiFi\bin\;C:\Program Files\Common Files\Intel\WirelessCommon\;C:\Program Files (x86)\Git\cmd;C:\Users\carvald\AppData\Local\Microsoft\WindowsApps;C:\Program Files (x86)\Java\jdk1.8.0_171\bin;C:\Program Files\apache-maven-3.5.4-bin\apache-maven-3.5.4\bin;C:\Users\carvald\AppData\Local\Microsoft\WindowsApps;;."/>
    <property name="java.vm.info" value="mixed mode, sharing"/>
    <property name="java.vendor" value="Oracle Corporation"/>
    <property name="java.vm.version" value="25.171-b11"/>
    <property name="java.ext.dirs" value="C:\Program Files (x86)\Java\jdk1.8.0_171\jre\lib\ext;C:\Windows\Sun\Java\lib\ext"/>
    <property name="sun.io.unicode.encoding" value="UnicodeLittle"/>
    <property name="java.class.version" value="52.0"/>
  </properties>
  <testcase name="givenAEncoded64ValueInJonBody_WhenIAddItToAInvalidSide_ThenTheStatusCodeIsNotImplemented" classname="org.waes.it.AddSideValueIT" time="2.464"/>
  <testcase name="givenAEncoded64ValueInJonBody_WhenIAddItToLeftSide_ThenAddedValueReturnsInLeftSide" classname="org.waes.it.AddSideValueIT" time="0.052"/>
  <testcase name="givenAEncoded64ValueInJonBody_WhenIAddItToRightSide_ThenAddedValueReturnsInRightSide" classname="org.waes.it.AddSideValueIT" time="0.043"/>
  <testcase name="givenAEncoded64ValueInJonBody_WhenICallItUsingAIdThatExceedsLongLimit_ThenTheStatusCodeIsNotFound" classname="org.waes.it.AddSideValueIT" time="0.101"/>
  <testcase name="givenAEncoded64ValueInJonBody_WhenICallItUsingAIdThatExceedsLongNegativeLimit_ThenTheStatusCodeIsNotFound" classname="org.waes.it.AddSideValueIT" time="0.031"/>
  <testcase name="givenAEncoded64ValueInJonBody_WhenICallItUsingAValueThatIsNotInStringFormat_ThenTheStatusCodeIsUnsupportedMediaType" classname="org.waes.it.AddSideValueIT" time="0.055"/>
  <testcase name="givenAEncoded64ValueInJonBody_WhenICallItUsingAnEmptyStringInJsonBody_ThenTheEmptyStringIsAdded" classname="org.waes.it.AddSideValueIT" time="0.053"/>
  <testcase name="givenAEncoded64ValueInJonBody_WhenICallItUsingAnValueThatIsInJsonBodyFormatInJsonBody_ThenTheValueIsAdded" classname="org.waes.it.AddSideValueIT" time="0.066">
    <failure message="1 expectation failed.&#10;Expected status code &lt;200&gt; but was &lt;500&gt;.&#10;" type="java.lang.AssertionError"><![CDATA[java.lang.AssertionError: 
1 expectation failed.
Expected status code <200> but was <500>.

	at org.waes.it.AddSideValueIT.givenAEncoded64ValueInJonBody_WhenICallItUsingAnValueThatIsInJsonBodyFormatInJsonBody_ThenTheValueIsAdded(AddSideValueIT.java:416)
]]></failure>
  </testcase>
  <testcase name="givenAEncoded64ValueInJonBody_WhenICallItUsingAnValueThatIsLessThan4CharsInJsonBody_ThenTheStatusCodeIsUnsupportedMediaType" classname="org.waes.it.AddSideValueIT" time="0.068"/>
  <testcase name="givenAEncoded64ValueInJonBody_WhenICallItUsingAnValueWithPlusInJsonBody_ThenTheValueWithPlusIsAdded" classname="org.waes.it.AddSideValueIT" time="0.024">
    <failure message="1 expectation failed.&#10;Expected status code &lt;200&gt; but was &lt;415&gt;.&#10;" type="java.lang.AssertionError"><![CDATA[java.lang.AssertionError: 
1 expectation failed.
Expected status code <200> but was <415>.

	at org.waes.it.AddSideValueIT.givenAEncoded64ValueInJonBody_WhenICallItUsingAnValueWithPlusInJsonBody_ThenTheValueWithPlusIsAdded(AddSideValueIT.java:368)
]]></failure>
  </testcase>
  <testcase name="givenAEncoded64ValueInJonBody_WhenICallItUsingAnValueWithSlashInJsonBody_ThenTheValueWithSlashIsAdded" classname="org.waes.it.AddSideValueIT" time="0.026">
    <failure message="1 expectation failed.&#10;Expected status code &lt;200&gt; but was &lt;415&gt;.&#10;" type="java.lang.AssertionError"><![CDATA[java.lang.AssertionError: 
1 expectation failed.
Expected status code <200> but was <415>.

	at org.waes.it.AddSideValueIT.givenAEncoded64ValueInJonBody_WhenICallItUsingAnValueWithSlashInJsonBody_ThenTheValueWithSlashIsAdded(AddSideValueIT.java:344)
]]></failure>
  </testcase>
  <testcase name="givenAEncoded64ValueInJonBody_WhenICallItUsingCharAsId_ThenTheStatusCodeIsNotFound" classname="org.waes.it.AddSideValueIT" time="0.026"/>
  <testcase name="givenAEncoded64ValueInJonBody_WhenICallItUsingDoubleAsId_ThenTheStatusCodeIsNotFound" classname="org.waes.it.AddSideValueIT" time="0.028"/>
  <testcase name="givenAEncoded64ValueInJonBody_WhenICallItUsingNegativeNumberAsId_ThenAddedValueReturnsInLeftSide" classname="org.waes.it.AddSideValueIT" time="0.036"/>
  <testcase name="givenAEncoded64ValueInJonBody_WhenICallItUsingPaddingInJsonBodyValue_ThenThePaddedValueIsAdded" classname="org.waes.it.AddSideValueIT" time="0.025">
    <failure message="1 expectation failed.&#10;Expected status code &lt;200&gt; but was &lt;415&gt;.&#10;" type="java.lang.AssertionError"><![CDATA[java.lang.AssertionError: 
1 expectation failed.
Expected status code <200> but was <415>.

	at org.waes.it.AddSideValueIT.givenAEncoded64ValueInJonBody_WhenICallItUsingPaddingInJsonBodyValue_ThenThePaddedValueIsAdded(AddSideValueIT.java:320)
]]></failure>
  </testcase>
  <testcase name="givenAEncoded64ValueInJonBody_WhenICallItUsingUsingAUppercaseLetter_ThenTheStatusCodeIsNotImplemented" classname="org.waes.it.AddSideValueIT" time="0.074"/>
  <testcase name="givenAEncoded64ValueInJonBody_WhenICallItWithoutAId_ThenTheStatusCodeIsNotFound" classname="org.waes.it.AddSideValueIT" time="0.023"/>
  <testcase name="givenAEncoded64ValueInJonBody_WhenICallItWithoutASide_ThenTheStatusCodeIsMethodNotAllowed" classname="org.waes.it.AddSideValueIT" time="0.024"/>
  <testcase name="givenBothSideHaveDiffLengthValues_WhenValidateDiffIsCalled_ThenStatusCodeIs200AndTypeIsDifferentLength" classname="org.waes.it.ValidateDiffIT" time="0.099"/>
  <testcase name="givenBothSideHaveSameLengthAndDiffChars_WhenValidateDiffIsCalled_ThenTheTypeIsDifferentLengthAndDetailMessageIsDisplayed" classname="org.waes.it.ValidateDiffIT" time="0.13"/>
  <testcase name="givenBothSidesHaveEmprtyStrings_WhenValidateDiffIsCalled_ThenTheStatusCodeIs200AndTypeIsEqual" classname="org.waes.it.ValidateDiffIT" time="0.13"/>
  <testcase name="givenBothSidesHaveSameCharsButInDiffOrder_WhenValidateDiffIsCalled_ThenTheTypeIsDifferentLengthAndDetailMessageIsDisplayed" classname="org.waes.it.ValidateDiffIT" time="0.089"/>
  <testcase name="givenBothsideHavesameData_WhenValidateDiffIsCalled_ThenTheStatusCodeIs200AndTypeIsEqual" classname="org.waes.it.ValidateDiffIT" time="0.093"/>
  <testcase name="givenFirstAndLastCharsAreDiff_WhenValidateDiffIsCalled_ThenTheTypeIsDifferentCharsAndDetailMessageIsDisplayed" classname="org.waes.it.ValidateDiffIT" time="0.091"/>
  <testcase name="givenLeftSideDontHaveData_WhenValidateDiffIsCalled_ThenTypeIsDifferentLengthAndLeftSideContainsNoValue" classname="org.waes.it.ValidateDiffIT" time="0.072"/>
  <testcase name="givenLeftSideHasAEmptyString_WhenValidateDiffIsCalled_ThenStatusCodeIs200AndTypeIsDifferentLength" classname="org.waes.it.ValidateDiffIT" time="0.071"/>
  <testcase name="givenRightSideDontHaveData_WhenValidateDiffIsCalled_ThenTypeIsDifferentLengthAndRightSideContainsNoValue" classname="org.waes.it.ValidateDiffIT" time="0.068">
    <failure message="1 expectation failed.&#10;Expected status code &lt;200&gt; but was &lt;204&gt;.&#10;" type="java.lang.AssertionError"><![CDATA[java.lang.AssertionError: 
1 expectation failed.
Expected status code <200> but was <204>.

	at org.waes.it.ValidateDiffIT.givenRightSideDontHaveData_WhenValidateDiffIsCalled_ThenTypeIsDifferentLengthAndRightSideContainsNoValue(ValidateDiffIT.java:69)
]]></failure>
  </testcase>
  <testcase name="givenRightSideHasAEmptyString_WhenValidateDiffIsCalled_ThenStatusCodeIs200AndTypeIsDifferentLength" classname="org.waes.it.ValidateDiffIT" time="0.058">
    <failure message="1 expectation failed.&#10;JSON path right doesn&apos;t match.&#10;Expected: W43s&#10;  Actual: &#10;" type="java.lang.AssertionError">java.lang.AssertionError: 
1 expectation failed.
JSON path right doesn't match.
Expected: W43s
  Actual: 

	at org.waes.it.ValidateDiffIT.givenRightSideHasAEmptyString_WhenValidateDiffIsCalled_ThenStatusCodeIs200AndTypeIsDifferentLength(ValidateDiffIT.java:339)
</failure>
  </testcase>
  <testcase name="givenTheEndpointAcceptsLongAsID_WhenValidateDiffIsCalledWithACharAsId_ThenTheStatusCodeIs404" classname="org.waes.it.ValidateDiffIT" time="0.019"/>
  <testcase name="givenTheValueAreInANegId_WhenValidateDiffIsCalledWithTheNegId_ThenTheStatusCodeIs200AndTypeEqual" classname="org.waes.it.ValidateDiffIT" time="0.093"/>
</testsuite>